[0.130s] Invoking command in '/home/lisii/Documents/Github-repos/TransferStation/1_Projects/Current/ROS2_learning/build/example_topic_rclcpp': CMAKE_PREFIX_PATH=${CMAKE_PREFIX_PATH}:/home/lisii/Documents/Github-repos/TransferStation/1_Projects/Current/ROS2_learning/install/example_topic_rclpy:/opt/ros/humble /usr/bin/cmake --build /home/lisii/Documents/Github-repos/TransferStation/1_Projects/Current/ROS2_learning/build/example_topic_rclcpp -- -j12 -l12
[0.158s] [35m[1mConsolidate compiler generated dependencies of target topic_publisher_01[0m
[0.167s] [ 50%] Built target topic_subscribe_01
[0.170s] [ 75%] [32mBuilding CXX object CMakeFiles/topic_publisher_01.dir/src/topic_publisher_01.cpp.o[0m
[0.173s] [01m[Kcc1plus:[m[K [01;31m[Kfatal error: [m[K/home/lisii/Documents/Github-repos/TransferStation/1_Projects/Current/ROS2_learning/example_topic_rclcpp/src/topic_publisher_01.cpp: æ²¡æœ‰é‚£ä¸ªæ–‡ä»¶æˆ–ç›®å½•
[0.173s] compilation terminated.
[0.173s] gmake[2]: *** [CMakeFiles/topic_publisher_01.dir/build.make:76ï¼šCMakeFiles/topic_publisher_01.dir/src/topic_publisher_01.cpp.o] é”™è¯¯ 1
[0.173s] gmake[1]: *** [CMakeFiles/Makefile2:139ï¼šCMakeFiles/topic_publisher_01.dir/all] é”™è¯¯ 2
[0.174s] gmake: *** [Makefile:146ï¼šall] é”™è¯¯ 2
[0.345s] Invoked command in '/home/lisii/Documents/Github-repos/TransferStation/1_Projects/Current/ROS2_learning/build/example_topic_rclcpp' returned '2': CMAKE_PREFIX_PATH=${CMAKE_PREFIX_PATH}:/home/lisii/Documents/Github-repos/TransferStation/1_Projects/Current/ROS2_learning/install/example_topic_rclpy:/opt/ros/humble /usr/bin/cmake --build /home/lisii/Documents/Github-repos/TransferStation/1_Projects/Current/ROS2_learning/build/example_topic_rclcpp -- -j12 -l12
